  Accumulation.cpp
c:\users\hardcoregandhi\desktop\snow simulation final build\snow simulation\Accumulation.h(76): warning C4244: 'return': conversion from 'double' to 'float', possible loss of data
Accumulation.cpp(25): warning C4244: '=': conversion from 'int' to 'float', possible loss of data
Accumulation.cpp(27): warning C4244: '=': conversion from 'int' to 'float', possible loss of data
Accumulation.cpp(58): warning C4244: 'initializing': conversion from 'float' to 'int', possible loss of data
Accumulation.cpp(59): warning C4244: 'initializing': conversion from 'float' to 'int', possible loss of data
Accumulation.cpp(83): warning C4244: 'initializing': conversion from 'float' to 'int', possible loss of data
Accumulation.cpp(84): warning C4244: 'initializing': conversion from 'float' to 'int', possible loss of data
Accumulation.cpp(130): warning C4305: '+=': truncation from 'double' to 'float'
Accumulation.cpp(140): warning C4244: 'initializing': conversion from 'float' to 'int', possible loss of data
Accumulation.cpp(141): warning C4244: 'initializing': conversion from 'float' to 'int', possible loss of data
Accumulation.cpp(178): warning C4244: '+=': conversion from 'float' to 'int', possible loss of data
Accumulation.cpp(186): warning C4244: 'initializing': conversion from 'float' to 'int', possible loss of data
Accumulation.cpp(272): warning C4244: '=': conversion from 'int' to 'float', possible loss of data
Accumulation.cpp(274): warning C4244: '=': conversion from 'int' to 'float', possible loss of data
  Deformation.cpp
  GroundPlane.cpp
  main.cpp
c:\users\hardcoregandhi\desktop\snow simulation final build\snow simulation\Controls.h(186): warning C4244: '=': conversion from 'double' to 'float', possible loss of data
c:\users\hardcoregandhi\desktop\snow simulation final build\snow simulation\Controls.h(190): warning C4244: '=': conversion from 'double' to 'float', possible loss of data
c:\users\hardcoregandhi\desktop\snow simulation final build\snow simulation\Shader.h(63): warning C4101: 'infoLog': unreferenced local variable
c:\users\hardcoregandhi\desktop\snow simulation final build\snow simulation\Shader.h(62): warning C4101: 'success': unreferenced local variable
c:\users\hardcoregandhi\desktop\snow simulation final build\snow simulation\Accumulation.h(76): warning C4244: 'return': conversion from 'double' to 'float', possible loss of data
main.cpp(256): warning C4244: 'initializing': conversion from 'int' to 'GLfloat', possible loss of data
main.cpp(257): warning C4244: 'initializing': conversion from 'int' to 'GLfloat', possible loss of data
main.cpp(258): warning C4244: 'initializing': conversion from 'int' to 'GLfloat', possible loss of data
main.cpp(404): warning C4244: 'initializing': conversion from 'double' to 'float', possible loss of data
main.cpp(431): warning C4244: '+=': conversion from 'float' to 'int', possible loss of data
main.cpp(465): warning C4244: '=': conversion from 'int' to 'float', possible loss of data
main.cpp(466): warning C4244: '=': conversion from 'int' to 'float', possible loss of data
main.cpp(467): warning C4244: '=': conversion from 'int' to 'float', possible loss of data
  Mesh.cpp
c:\users\hardcoregandhi\desktop\snow simulation final build\snow simulation\Shader.h(63): warning C4101: 'infoLog': unreferenced local variable
c:\users\hardcoregandhi\desktop\snow simulation final build\snow simulation\Shader.h(62): warning C4101: 'success': unreferenced local variable
  Model.cpp
c:\users\hardcoregandhi\desktop\snow simulation final build\snow simulation\Shader.h(63): warning C4101: 'infoLog': unreferenced local variable
c:\users\hardcoregandhi\desktop\snow simulation final build\snow simulation\Shader.h(62): warning C4101: 'success': unreferenced local variable
  Generating Code...
  soil.lib(SOIL.obj) : MSIL .netmodule or module compiled with /GL found; restarting link with /LTCG; add /LTCG to the link command line to improve linker performance
LINK : fatal error C1900: Il mismatch between 'P1' version '20150812' and 'P2' version '20130802'
LINK : fatal error LNK1257: code generation failed
