  Accumulation.cpp
f:\projects\uni 3rd year\opengl-3d-snow-simulation\snow simulation\Accumulation.h(76): warning C4244: 'return': conversion from 'double' to 'float', possible loss of data
Accumulation.cpp(25): warning C4244: '=': conversion from 'int' to 'float', possible loss of data
Accumulation.cpp(27): warning C4244: '=': conversion from 'int' to 'float', possible loss of data
Accumulation.cpp(58): warning C4244: 'initializing': conversion from 'float' to 'int', possible loss of data
Accumulation.cpp(59): warning C4244: 'initializing': conversion from 'float' to 'int', possible loss of data
Accumulation.cpp(83): warning C4244: 'initializing': conversion from 'float' to 'int', possible loss of data
Accumulation.cpp(84): warning C4244: 'initializing': conversion from 'float' to 'int', possible loss of data
Accumulation.cpp(130): warning C4305: '+=': truncation from 'double' to 'float'
Accumulation.cpp(140): warning C4244: 'initializing': conversion from 'float' to 'int', possible loss of data
Accumulation.cpp(141): warning C4244: 'initializing': conversion from 'float' to 'int', possible loss of data
Accumulation.cpp(178): warning C4244: '+=': conversion from 'float' to 'int', possible loss of data
Accumulation.cpp(186): warning C4244: 'initializing': conversion from 'float' to 'int', possible loss of data
Accumulation.cpp(272): warning C4244: '=': conversion from 'int' to 'float', possible loss of data
Accumulation.cpp(274): warning C4244: '=': conversion from 'int' to 'float', possible loss of data
  Deformation.cpp
  GroundPlane.cpp
  main.cpp
f:\projects\uni 3rd year\opengl-3d-snow-simulation\snow simulation\Controls.h(186): warning C4244: '=': conversion from 'double' to 'float', possible loss of data
f:\projects\uni 3rd year\opengl-3d-snow-simulation\snow simulation\Controls.h(190): warning C4244: '=': conversion from 'double' to 'float', possible loss of data
f:\projects\uni 3rd year\opengl-3d-snow-simulation\snow simulation\Shader.h(63): warning C4101: 'infoLog': unreferenced local variable
f:\projects\uni 3rd year\opengl-3d-snow-simulation\snow simulation\Shader.h(62): warning C4101: 'success': unreferenced local variable
f:\projects\uni 3rd year\opengl-3d-snow-simulation\snow simulation\Accumulation.h(76): warning C4244: 'return': conversion from 'double' to 'float', possible loss of data
main.cpp(256): warning C4244: 'initializing': conversion from 'int' to 'GLfloat', possible loss of data
main.cpp(257): warning C4244: 'initializing': conversion from 'int' to 'GLfloat', possible loss of data
main.cpp(258): warning C4244: 'initializing': conversion from 'int' to 'GLfloat', possible loss of data
main.cpp(404): warning C4244: 'initializing': conversion from 'double' to 'float', possible loss of data
main.cpp(431): warning C4244: '+=': conversion from 'float' to 'int', possible loss of data
main.cpp(465): warning C4244: '=': conversion from 'int' to 'float', possible loss of data
main.cpp(466): warning C4244: '=': conversion from 'int' to 'float', possible loss of data
main.cpp(467): warning C4244: '=': conversion from 'int' to 'float', possible loss of data
main.cpp(506): warning C4267: 'argument': conversion from 'size_t' to 'GLsizei', possible loss of data
  Mesh.cpp
f:\projects\uni 3rd year\opengl-3d-snow-simulation\snow simulation\Shader.h(63): warning C4101: 'infoLog': unreferenced local variable
f:\projects\uni 3rd year\opengl-3d-snow-simulation\snow simulation\Shader.h(62): warning C4101: 'success': unreferenced local variable
Mesh.cpp(47): warning C4267: 'argument': conversion from 'size_t' to 'GLsizei', possible loss of data
  Model.cpp
f:\projects\uni 3rd year\opengl-3d-snow-simulation\snow simulation\Shader.h(63): warning C4101: 'infoLog': unreferenced local variable
f:\projects\uni 3rd year\opengl-3d-snow-simulation\snow simulation\Shader.h(62): warning C4101: 'success': unreferenced local variable
LINK : fatal error C1047: The object or library file 'x64\Release\Accumulation.obj' was created with an older compiler than other objects; rebuild old objects and libraries
LINK : fatal error LNK1257: code generation failed
